2023-07-26 21:08:38,396.continuous_stock.INFO =============================================================
2023-07-26 21:08:38,396.continuous_stock.INFO Today is 2023-07-26 at 09:08 PM
2023-07-26 21:08:38,396.continuous_stock.INFO This file is running on: nt Windows 10
2023-07-26 21:08:38,396.continuous_stock.INFO The Python version is: 3.11.1
2023-07-26 21:08:38,396.continuous_stock.INFO The active environment path is:   C:\Users\jorda\OneDrive\Desktop\Northwest Homework\1. Continuous Intellgience\Module 5\cintel-05-live-updates\.venv
2023-07-26 21:08:38,397.continuous_stock.INFO The current working directory is: C:\Users\jorda\OneDrive\Desktop\Northwest Homework\1. Continuous Intellgience\Module 5\cintel-05-live-updates
2023-07-26 21:08:38,397.continuous_stock.INFO =============================================================
2023-07-26 21:08:44,264.continuous_stock.INFO Calling update_csv_stock
2023-07-26 21:08:44,264.continuous_stock.INFO update_interval: 60
2023-07-26 21:08:44,264.continuous_stock.INFO total_runtime: 900
2023-07-26 21:08:44,264.continuous_stock.INFO num_updates: 10
2023-07-26 21:08:44,265.continuous_stock.INFO Initialized csv file at C:\Users\jorda\OneDrive\Desktop\Northwest Homework\1. Continuous Intellgience\Module 5\cintel-05-live-updates\data\mtcars_stock.csv
2023-07-26 21:08:44,265.continuous_stock.INFO Calling get_stock_price for {ticker}
2023-07-26 21:08:44,265.continuous_stock.INFO Calling get_stock_price for {ticker}
2023-07-26 21:08:44,265.continuous_stock.INFO Calling get_stock_price for {ticker}
2023-07-26 21:08:44,265.continuous_stock.INFO Calling get_stock_price for {ticker}
2023-07-26 21:08:44,265.continuous_stock.INFO Calling get_stock_price for {ticker}
2023-07-26 21:08:44,266.continuous_stock.INFO Calling get_stock_price for {ticker}
2023-07-26 21:08:44,266.continuous_stock.INFO Calling get_stock_price for {ticker}
2023-07-26 21:08:44,266.continuous_stock.INFO Calling get_stock_price for {ticker}
2023-07-26 21:08:44,266.continuous_stock.INFO Calling get_stock_price for {ticker}
2023-07-26 21:08:44,266.continuous_stock.INFO Calling get_stock_price for {ticker}
2023-07-26 21:08:44,268.continuous_stock.INFO Saving prices to C:\Users\jorda\OneDrive\Desktop\Northwest Homework\1. Continuous Intellgience\Module 5\cintel-05-live-updates\data\mtcars_stock.csv
