2023-07-28 21:23:20,002.continuous_location.INFO =============================================================
2023-07-28 21:23:20,002.continuous_location.INFO Today is 2023-07-28 at 09:23 PM
2023-07-28 21:23:20,002.continuous_location.INFO This file is running on: nt Windows 10
2023-07-28 21:23:20,002.continuous_location.INFO The Python version is: 3.11.1
2023-07-28 21:23:20,003.continuous_location.INFO The active environment path is:   C:\Users\jorda\OneDrive\Desktop\Northwest Homework\1. Continuous Intellgience\Module 5\cintel-05-live-updates\.venv
2023-07-28 21:23:20,003.continuous_location.INFO The current working directory is: C:\Users\jorda\OneDrive\Desktop\Northwest Homework\1. Continuous Intellgience\Module 5\cintel-05-live-updates
2023-07-28 21:23:20,003.continuous_location.INFO =============================================================
2023-07-28 21:23:24,054.continuous_location.INFO Calling update_csv_location
2023-07-28 21:23:24,055.continuous_location.INFO update_interval: 60
2023-07-28 21:23:24,055.continuous_location.INFO total_runtime: 900
2023-07-28 21:23:24,055.continuous_location.INFO num_updates: 10
2023-07-28 21:23:24,055.continuous_location.INFO Initialized csv file at C:\Users\jorda\OneDrive\Desktop\Northwest Homework\1. Continuous Intellgience\Module 5\cintel-05-live-updates\data\mtcars_location.csv
2023-07-28 21:23:24,056.continuous_location.INFO Calling get_temperature_from_openweathermap for {lat}, {long}}
2023-07-28 21:23:24,057.continuous_location.INFO Calling fetch_from_url for https://api.openweathermap.org/data/2.5/weather?lat=47.903237&lon=-91.867087&appid=700c64b72b5ac9d9d588a185e636d044&units=imperial
2023-07-28 21:23:24,323.continuous_location.INFO Data from openweathermap: <fetch.HttpResponse object at 0x00000123046FBA10>
2023-07-28 21:23:24,324.continuous_location.INFO Calling get_temperature_from_openweathermap for {lat}, {long}}
2023-07-28 21:23:24,324.continuous_location.INFO Calling fetch_from_url for https://api.openweathermap.org/data/2.5/weather?lat=36.5323&lon=-116.93&appid=700c64b72b5ac9d9d588a185e636d044&units=imperial
2023-07-28 21:23:24,550.continuous_location.INFO Data from openweathermap: <fetch.HttpResponse object at 0x00000123046FBD10>
2023-07-28 21:23:24,551.continuous_location.INFO Calling get_temperature_from_openweathermap for {lat}, {long}}
2023-07-28 21:23:24,551.continuous_location.INFO Calling fetch_from_url for https://api.openweathermap.org/data/2.5/weather?lat=40.346102&lon=-94.872471&appid=700c64b72b5ac9d9d588a185e636d044&units=imperial
2023-07-28 21:23:24,820.continuous_location.INFO Data from openweathermap: <fetch.HttpResponse object at 0x00000123046FBFD0>
2023-07-28 21:23:24,820.continuous_location.INFO Calling get_temperature_from_openweathermap for {lat}, {long}}
2023-07-28 21:23:24,821.continuous_location.INFO Calling fetch_from_url for https://api.openweathermap.org/data/2.5/weather?lat=64.1265&lon=-21.8174&appid=700c64b72b5ac9d9d588a185e636d044&units=imperial
2023-07-28 21:23:25,054.continuous_location.INFO Data from openweathermap: <fetch.HttpResponse object at 0x0000012304738350>
2023-07-28 21:23:25,057.continuous_location.INFO Saving temperatures to C:\Users\jorda\OneDrive\Desktop\Northwest Homework\1. Continuous Intellgience\Module 5\cintel-05-live-updates\data\mtcars_location.csv
